
pr3_lab.elf:     file format elf32-littleriscv
pr3_lab.elf
architecture: riscv:rv32, flags 0x00000112:
EXEC_P, HAS_SYMS, D_PAGED
start address 0x00000000

Program Header:
    LOAD off    0x00001000 vaddr 0x00000000 paddr 0x00000000 align 2**12
         filesz 0x000000f8 memsz 0x000000f8 flags r-x
    LOAD off    0x00002000 vaddr 0x00010000 paddr 0x00010000 align 2**12
         filesz 0x00000020 memsz 0x0000002c flags rw-

Sections:
Idx Name              Size      VMA       LMA       File off  Algn  Flags
  0 .text             000000f8  00000000  00000000  00001000  2**2  CONTENTS, ALLOC, LOAD, READONLY, CODE
  1 .data             00000020  00010000  00010000  00002000  2**0  CONTENTS, ALLOC, LOAD, DATA
  2 .bss              0000000c  00010020  00010020  00002020  2**0  ALLOC
  3 .riscv.attributes 0000001f  00000000  00000000  00002020  2**0  CONTENTS, READONLY
  4 .debug_line       0000017d  00000000  00000000  0000203f  2**0  CONTENTS, READONLY, DEBUGGING, OCTETS
  5 .debug_info       00000026  00000000  00000000  000021bc  2**0  CONTENTS, READONLY, DEBUGGING, OCTETS
  6 .debug_abbrev     00000014  00000000  00000000  000021e2  2**0  CONTENTS, READONLY, DEBUGGING, OCTETS
  7 .debug_aranges    00000020  00000000  00000000  000021f8  2**3  CONTENTS, READONLY, DEBUGGING, OCTETS
  8 .debug_str        0000004a  00000000  00000000  00002218  2**0  CONTENTS, READONLY, DEBUGGING, OCTETS
SYMBOL TABLE:
00000000 l    d  .text	00000000 .text
00010000 l    d  .data	00000000 .data
00010020 l    d  .bss	00000000 .bss
00000000 l    d  .riscv.attributes	00000000 .riscv.attributes
00000000 l    d  .debug_line	00000000 .debug_line
00000000 l    d  .debug_info	00000000 .debug_info
00000000 l    d  .debug_abbrev	00000000 .debug_abbrev
00000000 l    d  .debug_aranges	00000000 .debug_aranges
00000000 l    d  .debug_str	00000000 .debug_str
00000000 l    df *ABS*	00000000 ./pr3_lab.o
00000004 l       *ABS*	00000000 N
00010000 l       .data	00000000 B
00010010 l       .data	00000000 A
00010020 l       .bss	00000000 res
00010024 l       .bss	00000000 normA
00010028 l       .bss	00000000 normB
0000007c l       .text	00000000 dotprod
00000060 l       .text	00000000 if
00000070 l       .text	00000000 else
000000f4 l       .text	00000000 fin
0000009c l       .text	00000000 for
000000c0 l       .text	00000000 fin_for
000000d8 l       .text	00000000 mul
000000dc l       .text	00000000 while
000000ec l       .text	00000000 fin_while
00000000 g       .text	00000000 main
00020000 g       *ABS*	00000000 _stack



Disassembly of section .text:

00000000 <main>:
main():
D:\FC2practicasWS\FC2practicasWS\pr3_lab\Debug/../pr3_lab.asm:30
normB: .space 4

.text
main :

la s3, res             // @res, @normA, @normB, @stack
   0:	00010997          	auipc	s3,0x10
   4:	02098993          	addi	s3,s3,32 # 10020 <res>
D:\FC2practicasWS\FC2practicasWS\pr3_lab\Debug/../pr3_lab.asm:31
la s1, normA
   8:	00010497          	auipc	s1,0x10
   c:	01c48493          	addi	s1,s1,28 # 10024 <normA>
D:\FC2practicasWS\FC2practicasWS\pr3_lab\Debug/../pr3_lab.asm:32
la s2, normB
  10:	00010917          	auipc	s2,0x10
  14:	01890913          	addi	s2,s2,24 # 10028 <normB>
D:\FC2practicasWS\FC2practicasWS\pr3_lab\Debug/../pr3_lab.asm:33
la sp, _stack
  18:	00020117          	auipc	sp,0x20
  1c:	fe810113          	addi	sp,sp,-24 # 20000 <_stack>
D:\FC2practicasWS\FC2practicasWS\pr3_lab\Debug/../pr3_lab.asm:35

la a0, A               // @A, @B, N
  20:	00010517          	auipc	a0,0x10
  24:	ff050513          	addi	a0,a0,-16 # 10010 <A>
D:\FC2practicasWS\FC2practicasWS\pr3_lab\Debug/../pr3_lab.asm:36
la a1, A               // a2, a3 = @A
  28:	00010597          	auipc	a1,0x10
  2c:	fe858593          	addi	a1,a1,-24 # 10010 <A>
D:\FC2practicasWS\FC2practicasWS\pr3_lab\Debug/../pr3_lab.asm:37
li a2, N
  30:	00400613          	li	a2,4
D:\FC2practicasWS\FC2practicasWS\pr3_lab\Debug/../pr3_lab.asm:38
call dotprod           // @s1=normA
  34:	048000ef          	jal	ra,7c <dotprod>
D:\FC2practicasWS\FC2practicasWS\pr3_lab\Debug/../pr3_lab.asm:39
sw a0, 0(s1)
  38:	00a4a023          	sw	a0,0(s1)
D:\FC2practicasWS\FC2practicasWS\pr3_lab\Debug/../pr3_lab.asm:42


la a0, B               // a2, a3 = @B
  3c:	00010517          	auipc	a0,0x10
  40:	fc450513          	addi	a0,a0,-60 # 10000 <B>
D:\FC2practicasWS\FC2practicasWS\pr3_lab\Debug/../pr3_lab.asm:43
la a1, B
  44:	00010597          	auipc	a1,0x10
  48:	fbc58593          	addi	a1,a1,-68 # 10000 <B>
D:\FC2practicasWS\FC2practicasWS\pr3_lab\Debug/../pr3_lab.asm:44
li a2, N
  4c:	00400613          	li	a2,4
D:\FC2practicasWS\FC2practicasWS\pr3_lab\Debug/../pr3_lab.asm:45
call dotprod           // @s2=normB
  50:	02c000ef          	jal	ra,7c <dotprod>
D:\FC2practicasWS\FC2practicasWS\pr3_lab\Debug/../pr3_lab.asm:46
sw a0, 0(s2)
  54:	00a92023          	sw	a0,0(s2)
D:\FC2practicasWS\FC2practicasWS\pr3_lab\Debug/../pr3_lab.asm:48

lw t0, 0(s1)
  58:	0004a283          	lw	t0,0(s1)
D:\FC2practicasWS\FC2practicasWS\pr3_lab\Debug/../pr3_lab.asm:49
lw t1, 0(s2)
  5c:	00092303          	lw	t1,0(s2)

00000060 <if>:
if():
D:\FC2practicasWS\FC2practicasWS\pr3_lab\Debug/../pr3_lab.asm:53

if:

ble t0, t1, else         // j si normA<=normB
  60:	00535863          	bge	t1,t0,70 <else>
D:\FC2practicasWS\FC2practicasWS\pr3_lab\Debug/../pr3_lab.asm:54
li t3, 10                // aux
  64:	00a00e13          	li	t3,10
D:\FC2practicasWS\FC2practicasWS\pr3_lab\Debug/../pr3_lab.asm:55
sw t3, 0(s3)             // res=0xa
  68:	01c9a023          	sw	t3,0(s3)
D:\FC2practicasWS\FC2practicasWS\pr3_lab\Debug/../pr3_lab.asm:57

j fin
  6c:	0880006f          	j	f4 <fin>

00000070 <else>:
else():
D:\FC2practicasWS\FC2practicasWS\pr3_lab\Debug/../pr3_lab.asm:61

else:

li t3, 11                // aux
  70:	00b00e13          	li	t3,11
D:\FC2practicasWS\FC2practicasWS\pr3_lab\Debug/../pr3_lab.asm:62
sw t3, 0(s3)             // res=0xb
  74:	01c9a023          	sw	t3,0(s3)
D:\FC2practicasWS\FC2practicasWS\pr3_lab\Debug/../pr3_lab.asm:64

j fin
  78:	07c0006f          	j	f4 <fin>

0000007c <dotprod>:
dotprod():
D:\FC2practicasWS\FC2practicasWS\pr3_lab\Debug/../pr3_lab.asm:68

dotprod :

addi sp, sp, -12         // Pila (apilamos)
  7c:	ff410113          	addi	sp,sp,-12
D:\FC2practicasWS\FC2practicasWS\pr3_lab\Debug/../pr3_lab.asm:69
sw ra, 8(sp)
  80:	00112423          	sw	ra,8(sp)
D:\FC2practicasWS\FC2practicasWS\pr3_lab\Debug/../pr3_lab.asm:70
sw s3, 4(sp)
  84:	01312223          	sw	s3,4(sp)
D:\FC2practicasWS\FC2practicasWS\pr3_lab\Debug/../pr3_lab.asm:71
sw s1, 0(sp)
  88:	00912023          	sw	s1,0(sp)
D:\FC2practicasWS\FC2practicasWS\pr3_lab\Debug/../pr3_lab.asm:73

li s3, 0                 // acc=0
  8c:	00000993          	li	s3,0
D:\FC2practicasWS\FC2practicasWS\pr3_lab\Debug/../pr3_lab.asm:74
li s1, 0                 // i=0
  90:	00000493          	li	s1,0
D:\FC2practicasWS\FC2practicasWS\pr3_lab\Debug/../pr3_lab.asm:76

mv t2, a0
  94:	00050393          	mv	t2,a0
D:\FC2practicasWS\FC2practicasWS\pr3_lab\Debug/../pr3_lab.asm:77
mv t3, a1
  98:	00058e13          	mv	t3,a1

0000009c <for>:
for():
D:\FC2practicasWS\FC2practicasWS\pr3_lab\Debug/../pr3_lab.asm:81

for:

bge s1, a2, fin_for      // j si i>=n
  9c:	02c4d263          	bge	s1,a2,c0 <fin_for>
D:\FC2practicasWS\FC2practicasWS\pr3_lab\Debug/../pr3_lab.asm:83

lw a0, 0(t2)             // V[i]
  a0:	0003a503          	lw	a0,0(t2)
D:\FC2practicasWS\FC2practicasWS\pr3_lab\Debug/../pr3_lab.asm:84
lw a1, 0(t3)             // W[i]
  a4:	000e2583          	lw	a1,0(t3)
D:\FC2practicasWS\FC2practicasWS\pr3_lab\Debug/../pr3_lab.asm:86

call mul
  a8:	030000ef          	jal	ra,d8 <mul>
D:\FC2practicasWS\FC2practicasWS\pr3_lab\Debug/../pr3_lab.asm:87
add s3, s3, a0
  ac:	00a989b3          	add	s3,s3,a0
D:\FC2practicasWS\FC2practicasWS\pr3_lab\Debug/../pr3_lab.asm:88
addi t2, t2, 4
  b0:	00438393          	addi	t2,t2,4
D:\FC2practicasWS\FC2practicasWS\pr3_lab\Debug/../pr3_lab.asm:89
addi t3, t3, 4
  b4:	004e0e13          	addi	t3,t3,4
D:\FC2practicasWS\FC2practicasWS\pr3_lab\Debug/../pr3_lab.asm:90
addi s1, s1, 1
  b8:	00148493          	addi	s1,s1,1
D:\FC2practicasWS\FC2practicasWS\pr3_lab\Debug/../pr3_lab.asm:91
j for
  bc:	fe1ff06f          	j	9c <for>

000000c0 <fin_for>:
fin_for():
D:\FC2practicasWS\FC2practicasWS\pr3_lab\Debug/../pr3_lab.asm:95

fin_for:

add a0, s3, zero         // a0=acc
  c0:	00098533          	add	a0,s3,zero
D:\FC2practicasWS\FC2practicasWS\pr3_lab\Debug/../pr3_lab.asm:96
lw ra, 8(sp)
  c4:	00812083          	lw	ra,8(sp)
D:\FC2practicasWS\FC2practicasWS\pr3_lab\Debug/../pr3_lab.asm:97
lw s3, 4(sp)
  c8:	00412983          	lw	s3,4(sp)
D:\FC2practicasWS\FC2practicasWS\pr3_lab\Debug/../pr3_lab.asm:98
lw s1, 0(sp)
  cc:	00012483          	lw	s1,0(sp)
D:\FC2practicasWS\FC2practicasWS\pr3_lab\Debug/../pr3_lab.asm:99
addi sp, sp, 12          // Pila (desapilamos)
  d0:	00c10113          	addi	sp,sp,12
D:\FC2practicasWS\FC2practicasWS\pr3_lab\Debug/../pr3_lab.asm:100
ret
  d4:	00008067          	ret

000000d8 <mul>:
mul():
D:\FC2practicasWS\FC2practicasWS\pr3_lab\Debug/../pr3_lab.asm:104

mul :

li t0, 0                 // t0<-res
  d8:	00000293          	li	t0,0

000000dc <while>:
while():
D:\FC2practicasWS\FC2practicasWS\pr3_lab\Debug/../pr3_lab.asm:108

while:

ble a1, zero, fin_while  // j si b<=0
  dc:	00b05863          	blez	a1,ec <fin_while>
D:\FC2practicasWS\FC2practicasWS\pr3_lab\Debug/../pr3_lab.asm:109
add t0, t0, a0           // res+=a
  e0:	00a282b3          	add	t0,t0,a0
D:\FC2practicasWS\FC2practicasWS\pr3_lab\Debug/../pr3_lab.asm:110
addi a1, a1, -1          // b--
  e4:	fff58593          	addi	a1,a1,-1
D:\FC2practicasWS\FC2practicasWS\pr3_lab\Debug/../pr3_lab.asm:111
j while
  e8:	ff5ff06f          	j	dc <while>

000000ec <fin_while>:
fin_while():
D:\FC2practicasWS\FC2practicasWS\pr3_lab\Debug/../pr3_lab.asm:115

fin_while:

mv a0, t0
  ec:	00028513          	mv	a0,t0
D:\FC2practicasWS\FC2practicasWS\pr3_lab\Debug/../pr3_lab.asm:116
ret
  f0:	00008067          	ret

000000f4 <fin>:
fin():
D:\FC2practicasWS\FC2practicasWS\pr3_lab\Debug/../pr3_lab.asm:120

fin:

j .
  f4:	0000006f          	j	f4 <fin>
