
pr4_lab.elf:     file format elf32-littleriscv
pr4_lab.elf
architecture: riscv:rv32, flags 0x00000112:
EXEC_P, HAS_SYMS, D_PAGED
start address 0x00000000

Program Header:
    LOAD off    0x00001000 vaddr 0x00000000 paddr 0x00000000 align 2**12
         filesz 0x00000180 memsz 0x00000180 flags r-x
    LOAD off    0x00002000 vaddr 0x00010000 paddr 0x00010000 align 2**12
         filesz 0x00000028 memsz 0x00000029 flags rw-

Sections:
Idx Name              Size      VMA       LMA       File off  Algn  Flags
  0 .text             000000ac  00000000  00000000  00001000  2**2  CONTENTS, ALLOC, LOAD, READONLY, CODE
  1 .text.guardar     00000034  000000ac  000000ac  000010ac  2**2  CONTENTS, ALLOC, LOAD, READONLY, CODE
  2 .text.eucl_dist   000000a0  000000e0  000000e0  000010e0  2**2  CONTENTS, ALLOC, LOAD, READONLY, CODE
  3 .data             00000028  00010000  00010000  00002000  2**0  CONTENTS, ALLOC, LOAD, DATA
  4 .bss              00000001  00010028  00010028  00002028  2**0  ALLOC
  5 .riscv.attributes 00000021  00000000  00000000  00002028  2**0  CONTENTS, READONLY
  6 .comment          00000012  00000000  00000000  00002049  2**0  CONTENTS, READONLY
  7 .debug_line       00000200  00000000  00000000  0000205b  2**0  CONTENTS, READONLY, DEBUGGING, OCTETS
  8 .debug_info       000000fc  00000000  00000000  0000225b  2**0  CONTENTS, READONLY, DEBUGGING, OCTETS
  9 .debug_abbrev     000000c0  00000000  00000000  00002357  2**0  CONTENTS, READONLY, DEBUGGING, OCTETS
 10 .debug_aranges    00000048  00000000  00000000  00002418  2**3  CONTENTS, READONLY, DEBUGGING, OCTETS
 11 .debug_str        00002403  00000000  00000000  00002460  2**0  CONTENTS, READONLY, DEBUGGING, OCTETS
 12 .debug_ranges     00000018  00000000  00000000  00004863  2**0  CONTENTS, READONLY, DEBUGGING, OCTETS
 13 .debug_macro      000006f9  00000000  00000000  0000487b  2**0  CONTENTS, READONLY, DEBUGGING, OCTETS
 14 .debug_frame      0000005c  00000000  00000000  00004f74  2**2  CONTENTS, READONLY, DEBUGGING, OCTETS
SYMBOL TABLE:
00000000 l    d  .text	00000000 .text
000000ac l    d  .text.guardar	00000000 .text.guardar
000000e0 l    d  .text.eucl_dist	00000000 .text.eucl_dist
00010000 l    d  .data	00000000 .data
00010028 l    d  .bss	00000000 .bss
00000000 l    d  .riscv.attributes	00000000 .riscv.attributes
00000000 l    d  .comment	00000000 .comment
00000000 l    d  .debug_line	00000000 .debug_line
00000000 l    d  .debug_info	00000000 .debug_info
00000000 l    d  .debug_abbrev	00000000 .debug_abbrev
00000000 l    d  .debug_aranges	00000000 .debug_aranges
00000000 l    d  .debug_str	00000000 .debug_str
00000000 l    d  .debug_ranges	00000000 .debug_ranges
00000000 l    d  .debug_macro	00000000 .debug_macro
00000000 l    d  .debug_frame	00000000 .debug_frame
00000000 l    df *ABS*	00000000 ./fun_asm.o
00000005 l       *ABS*	00000000 N
00010000 l       .data	00000000 U
00010014 l       .data	00000000 V
00010028 l       .bss	00000000 mayor_u
00000000 l       .text	00000000 main
0000003c l       .text	00000000 if
00000048 l       .text	00000000 else
0000004c l       .text	00000000 fin_if
00000058 l       .text	00000000 while2
0000006c l       .text	00000000 while
000000a4 l       .text	00000000 fin_while
00000000 l    df *ABS*	00000000 pr4_lab.c
000000e0 g     F .text.eucl_dist	000000a0 eucl_dist
00000064 g       .text	00000000 i_sqrt
0000005c g       .text	00000000 mul
00000000         *UND*	00000000 main
00020000 g       *ABS*	00000000 _stack
000000ac g     F .text.guardar	00000034 guardar



Disassembly of section .text:

00000000 <main>:
main():
D:\FC2practicasWS\FC2practicasWS\pr4_lab\Debug/../fun_asm.asm:34
mayor_u:   .space 1

.text
main :

la sp, _stack
   0:	00020117          	auipc	sp,0x20
   4:	00010113          	mv	sp,sp
D:\FC2practicasWS\FC2practicasWS\pr4_lab\Debug/../fun_asm.asm:36

la a0, U                               // a0=@U, a1=N
   8:	00010517          	auipc	a0,0x10
   c:	ff850513          	addi	a0,a0,-8 # 10000 <U>
D:\FC2practicasWS\FC2practicasWS\pr4_lab\Debug/../fun_asm.asm:37
li a1, N
  10:	00500593          	li	a1,5
D:\FC2practicasWS\FC2practicasWS\pr4_lab\Debug/../fun_asm.asm:39

call eucl_dist                         // a0=eucl_dist (U , N )
  14:	0cc000ef          	jal	ra,e0 <eucl_dist>
D:\FC2practicasWS\FC2practicasWS\pr4_lab\Debug/../fun_asm.asm:41

addi sp, sp, -4                        // Apilamos a0
  18:	ffc10113          	addi	sp,sp,-4 # 1fffc <mayor_u+0xffd4>
D:\FC2practicasWS\FC2practicasWS\pr4_lab\Debug/../fun_asm.asm:42
sw a0, 0(sp)
  1c:	00a12023          	sw	a0,0(sp)
D:\FC2practicasWS\FC2practicasWS\pr4_lab\Debug/../fun_asm.asm:44

la a0, V                               // a0=@U, a1=N
  20:	00010517          	auipc	a0,0x10
  24:	ff450513          	addi	a0,a0,-12 # 10014 <V>
D:\FC2practicasWS\FC2practicasWS\pr4_lab\Debug/../fun_asm.asm:45
li a1, N
  28:	00500593          	li	a1,5
D:\FC2practicasWS\FC2practicasWS\pr4_lab\Debug/../fun_asm.asm:47

call eucl_dist                         // a0=eucl_dist (V , N )
  2c:	0b4000ef          	jal	ra,e0 <eucl_dist>
D:\FC2practicasWS\FC2practicasWS\pr4_lab\Debug/../fun_asm.asm:49

mv t1, a0                              // d_v
  30:	00050313          	mv	t1,a0
D:\FC2practicasWS\FC2practicasWS\pr4_lab\Debug/../fun_asm.asm:51

lw t0, 0(sp)
  34:	00012283          	lw	t0,0(sp)
D:\FC2practicasWS\FC2practicasWS\pr4_lab\Debug/../fun_asm.asm:52
addi sp, sp, 4                         // Desapilamos d_u
  38:	00410113          	addi	sp,sp,4

0000003c <if>:
if():
D:\FC2practicasWS\FC2practicasWS\pr4_lab\Debug/../fun_asm.asm:56

if:                                    // 1 si d_u>d_v - 0 si else

ble t0, t1, else
  3c:	00535663          	bge	t1,t0,48 <else>
D:\FC2practicasWS\FC2practicasWS\pr4_lab\Debug/../fun_asm.asm:57
li a0, 1
  40:	00100513          	li	a0,1
D:\FC2practicasWS\FC2practicasWS\pr4_lab\Debug/../fun_asm.asm:58
j fin_if
  44:	0080006f          	j	4c <fin_if>

00000048 <else>:
else():
D:\FC2practicasWS\FC2practicasWS\pr4_lab\Debug/../fun_asm.asm:62

else:

li a0, 0
  48:	00000513          	li	a0,0

0000004c <fin_if>:
fin_if():
D:\FC2practicasWS\FC2practicasWS\pr4_lab\Debug/../fun_asm.asm:66

fin_if:

la a1, mayor_u
  4c:	00010597          	auipc	a1,0x10
  50:	fdc58593          	addi	a1,a1,-36 # 10028 <mayor_u>
D:\FC2practicasWS\FC2practicasWS\pr4_lab\Debug/../fun_asm.asm:68

call guardar                           // guardar(mayor, @mayor_u)
  54:	058000ef          	jal	ra,ac <guardar>

00000058 <while2>:
while2():
D:\FC2practicasWS\FC2practicasWS\pr4_lab\Debug/../fun_asm.asm:72

while2:                                // while(1)

j while2
  58:	0000006f          	j	58 <while2>

0000005c <mul>:
mul():
D:\FC2practicasWS\FC2practicasWS\pr4_lab\Debug/../fun_asm.asm:78



mul:

mul a0, a0, a1                         // a0=a0*a1
  5c:	02b50533          	mul	a0,a0,a1
D:\FC2practicasWS\FC2practicasWS\pr4_lab\Debug/../fun_asm.asm:79
ret
  60:	00008067          	ret

00000064 <i_sqrt>:
i_sqrt():
D:\FC2practicasWS\FC2practicasWS\pr4_lab\Debug/../fun_asm.asm:85



i_sqrt:

li t0, 0                               // root=0
  64:	00000293          	li	t0,0
D:\FC2practicasWS\FC2practicasWS\pr4_lab\Debug/../fun_asm.asm:86
mv t1, a0                              // t1=a
  68:	00050313          	mv	t1,a0

0000006c <while>:
while():
D:\FC2practicasWS\FC2practicasWS\pr4_lab\Debug/../fun_asm.asm:90

while:

addi sp, sp, -12                       // Apilamos
  6c:	ff410113          	addi	sp,sp,-12
D:\FC2practicasWS\FC2practicasWS\pr4_lab\Debug/../fun_asm.asm:91
sw ra, 8(sp)
  70:	00112423          	sw	ra,8(sp)
D:\FC2practicasWS\FC2practicasWS\pr4_lab\Debug/../fun_asm.asm:92
sw t0, 4(sp)
  74:	00512223          	sw	t0,4(sp)
D:\FC2practicasWS\FC2practicasWS\pr4_lab\Debug/../fun_asm.asm:93
sw t1, 0(sp)
  78:	00612023          	sw	t1,0(sp)
D:\FC2practicasWS\FC2practicasWS\pr4_lab\Debug/../fun_asm.asm:95

mv a0, t0                              // a0,a1=root
  7c:	00028513          	mv	a0,t0
D:\FC2practicasWS\FC2practicasWS\pr4_lab\Debug/../fun_asm.asm:96
mv a1, t0
  80:	00028593          	mv	a1,t0
D:\FC2practicasWS\FC2practicasWS\pr4_lab\Debug/../fun_asm.asm:98

call mul                               // a0=mul(root, root)
  84:	fd9ff0ef          	jal	ra,5c <mul>
D:\FC2practicasWS\FC2practicasWS\pr4_lab\Debug/../fun_asm.asm:100

lw ra, 8(sp)
  88:	00812083          	lw	ra,8(sp)
D:\FC2practicasWS\FC2practicasWS\pr4_lab\Debug/../fun_asm.asm:101
lw t0, 4(sp)
  8c:	00412283          	lw	t0,4(sp)
D:\FC2practicasWS\FC2practicasWS\pr4_lab\Debug/../fun_asm.asm:102
lw t1, 0(sp)
  90:	00012303          	lw	t1,0(sp)
D:\FC2practicasWS\FC2practicasWS\pr4_lab\Debug/../fun_asm.asm:103
addi sp, sp, 12                        // Desapilamos
  94:	00c10113          	addi	sp,sp,12
D:\FC2practicasWS\FC2practicasWS\pr4_lab\Debug/../fun_asm.asm:105

bge a0, t1, fin_while                  // j si mul>=a
  98:	00655663          	bge	a0,t1,a4 <fin_while>
D:\FC2practicasWS\FC2practicasWS\pr4_lab\Debug/../fun_asm.asm:107

addi t0, t0, 1                         // root++
  9c:	00128293          	addi	t0,t0,1
D:\FC2practicasWS\FC2practicasWS\pr4_lab\Debug/../fun_asm.asm:109

j while
  a0:	fcdff06f          	j	6c <while>

000000a4 <fin_while>:
fin_while():
D:\FC2practicasWS\FC2practicasWS\pr4_lab\Debug/../fun_asm.asm:113

fin_while:

mv a0, t0                              // ret root
  a4:	00028513          	mv	a0,t0
D:\FC2practicasWS\FC2practicasWS\pr4_lab\Debug/../fun_asm.asm:114
ret
  a8:	00008067          	ret

Disassembly of section .text.guardar:

000000ac <guardar>:
guardar():
D:\FC2practicasWS\FC2practicasWS\pr4_lab\Debug/../pr4_lab.c:21
extern int i_sqrt (int a);

/**
* Funci ón que guarda un valor en el puntero proporcionado
*/
void guardar ( char valor , char * ubicacion) {
  ac:	fe010113          	addi	sp,sp,-32
  b0:	00812e23          	sw	s0,28(sp)
  b4:	02010413          	addi	s0,sp,32
  b8:	00050793          	mv	a5,a0
  bc:	feb42423          	sw	a1,-24(s0)
  c0:	fef407a3          	sb	a5,-17(s0)
D:\FC2practicasWS\FC2practicasWS\pr4_lab\Debug/../pr4_lab.c:22
* ubicacion = valor ;
  c4:	fe842783          	lw	a5,-24(s0)
  c8:	fef44703          	lbu	a4,-17(s0)
  cc:	00e78023          	sb	a4,0(a5)
D:\FC2practicasWS\FC2practicasWS\pr4_lab\Debug/../pr4_lab.c:23
}
  d0:	00000013          	nop
  d4:	01c12403          	lw	s0,28(sp)
  d8:	02010113          	addi	sp,sp,32
  dc:	00008067          	ret

Disassembly of section .text.eucl_dist:

000000e0 <eucl_dist>:
eucl_dist():
D:\FC2practicasWS\FC2practicasWS\pr4_lab\Debug/../pr4_lab.c:31

/**
* Calculamos distancia eucl í dea . Sumamos todos los cuadrados
* y terminamos sacando la raíz cuadrada ( entera )
*/
int eucl_dist (int w [] , int size ) {
  e0:	fd010113          	addi	sp,sp,-48
  e4:	02112623          	sw	ra,44(sp)
  e8:	02812423          	sw	s0,40(sp)
  ec:	03010413          	addi	s0,sp,48
  f0:	fca42e23          	sw	a0,-36(s0)
  f4:	fcb42c23          	sw	a1,-40(s0)
D:\FC2practicasWS\FC2practicasWS\pr4_lab\Debug/../pr4_lab.c:32
int acc = 0;
  f8:	fe042623          	sw	zero,-20(s0)
D:\FC2practicasWS\FC2practicasWS\pr4_lab\Debug/../pr4_lab.c:33
for ( int i = 0; i < size ; i ++) {
  fc:	fe042423          	sw	zero,-24(s0)
 100:	0540006f          	j	154 <eucl_dist+0x74>
D:\FC2practicasWS\FC2practicasWS\pr4_lab\Debug/../pr4_lab.c:34 (discriminator 3)
acc += mul (w[ i] , w[ i ]) ;
 104:	fe842783          	lw	a5,-24(s0)
 108:	00279793          	slli	a5,a5,0x2
 10c:	fdc42703          	lw	a4,-36(s0)
 110:	00f707b3          	add	a5,a4,a5
 114:	0007a683          	lw	a3,0(a5)
 118:	fe842783          	lw	a5,-24(s0)
 11c:	00279793          	slli	a5,a5,0x2
 120:	fdc42703          	lw	a4,-36(s0)
 124:	00f707b3          	add	a5,a4,a5
 128:	0007a783          	lw	a5,0(a5)
 12c:	00078593          	mv	a1,a5
 130:	00068513          	mv	a0,a3
 134:	f29ff0ef          	jal	ra,5c <mul>
 138:	00050713          	mv	a4,a0
 13c:	fec42783          	lw	a5,-20(s0)
 140:	00e787b3          	add	a5,a5,a4
 144:	fef42623          	sw	a5,-20(s0)
D:\FC2practicasWS\FC2practicasWS\pr4_lab\Debug/../pr4_lab.c:33 (discriminator 3)
for ( int i = 0; i < size ; i ++) {
 148:	fe842783          	lw	a5,-24(s0)
 14c:	00178793          	addi	a5,a5,1
 150:	fef42423          	sw	a5,-24(s0)
D:\FC2practicasWS\FC2practicasWS\pr4_lab\Debug/../pr4_lab.c:33 (discriminator 1)
 154:	fe842703          	lw	a4,-24(s0)
 158:	fd842783          	lw	a5,-40(s0)
 15c:	faf744e3          	blt	a4,a5,104 <eucl_dist+0x24>
D:\FC2practicasWS\FC2practicasWS\pr4_lab\Debug/../pr4_lab.c:36
}
return i_sqrt ( acc );
 160:	fec42503          	lw	a0,-20(s0)
 164:	f01ff0ef          	jal	ra,64 <i_sqrt>
 168:	00050793          	mv	a5,a0
D:\FC2practicasWS\FC2practicasWS\pr4_lab\Debug/../pr4_lab.c:37
}
 16c:	00078513          	mv	a0,a5
 170:	02c12083          	lw	ra,44(sp)
 174:	02812403          	lw	s0,40(sp)
 178:	03010113          	addi	sp,sp,48
 17c:	00008067          	ret
